<?xml version="1.0" encoding="UTF-8"?>
<!-- Generated by org.testng.reporters.JUnitXMLReporter -->
<testsuite hostname="LAPTOP-D487ETE2" ignored="0" name="Test" tests="1" failures="1" timestamp="26 Aug 2019 14:28:15 GMT" time="2.354" errors="0">
  <testcase name="HomePage" time="2.305" classname="demotest.BrowserTest">
    <failure type="org.openqa.selenium.SessionNotCreatedException" message="session not created: This version of ChromeDriver only supports Chrome version 77
Build info: version: &amp;apos;3.11.0&amp;apos;, revision: &amp;apos;e59cfb3&amp;apos;, time: &amp;apos;2018-03-11T20:26:55.152Z&amp;apos;
System info: host: &amp;apos;LAPTOP-D487ETE2&amp;apos;, ip: &amp;apos;192.168.43.197&amp;apos;, os.name: &amp;apos;Windows 10&amp;apos;, os.arch: &amp;apos;amd64&amp;apos;, os.version: &amp;apos;10.0&amp;apos;, java.version: &amp;apos;1.8.0_221&amp;apos;
Driver info: driver.version: ChromeDriver
remote stacktrace: Backtrace:
	Ordinal0 [0x003BEBD3+1502163]
	Ordinal0 [0x0033F781+980865]
	Ordinal0 [0x002C763F+489023]
	Ordinal0 [0x0025F2F4+62196]
	Ordinal0 [0x0025BCDA+48346]
	Ordinal0 [0x002797E0+169952]
	Ordinal0 [0x0027940D+168973]
	Ordinal0 [0x002778EB+162027]
	Ordinal0 [0x00260AC7+68295]
	Ordinal0 [0x00261B40+72512]
	Ordinal0 [0x00261AD9+72409]
	Ordinal0 [0x00358FE7+1085415]
	GetHandleVerifier [0x0045D8AD+503293]
	GetHandleVerifier [0x0045D640+502672]
	GetHandleVerifier [0x0046471C+531564]
	GetHandleVerifier [0x0045E0BA+505354]
	Ordinal0 [0x003506B6+1050294]
	Ordinal0 [0x0035052F+1049903]
	Ordinal0 [0x0035B04B+1093707]
	Ordinal0 [0x0035B1B3+1094067]
	Ordinal0 [0x0035A145+1089861]
	BaseThreadInitThunk [0x75410419+25]
	RtlGetAppContainerNamedObjectPath [0x7720662D+237]
	RtlGetAppContainerNamedObjectPath [0x772065FD+189]
">
      <![CDATA[org.openqa.selenium.SessionNotCreatedException: session not created: This version of ChromeDriver only supports Chrome version 77
Build info: version: '3.11.0', revision: 'e59cfb3', time: '2018-03-11T20:26:55.152Z'
System info: host: 'LAPTOP-D487ETE2', ip: '192.168.43.197', os.name: 'Windows 10', os.arch: 'amd64', os.version: '10.0', java.version: '1.8.0_221'
Driver info: driver.version: ChromeDriver
remote stacktrace: Backtrace:
	Ordinal0 [0x003BEBD3+1502163]
	Ordinal0 [0x0033F781+980865]
	Ordinal0 [0x002C763F+489023]
	Ordinal0 [0x0025F2F4+62196]
	Ordinal0 [0x0025BCDA+48346]
	Ordinal0 [0x002797E0+169952]
	Ordinal0 [0x0027940D+168973]
	Ordinal0 [0x002778EB+162027]
	Ordinal0 [0x00260AC7+68295]
	Ordinal0 [0x00261B40+72512]
	Ordinal0 [0x00261AD9+72409]
	Ordinal0 [0x00358FE7+1085415]
	GetHandleVerifier [0x0045D8AD+503293]
	GetHandleVerifier [0x0045D640+502672]
	GetHandleVerifier [0x0046471C+531564]
	GetHandleVerifier [0x0045E0BA+505354]
	Ordinal0 [0x003506B6+1050294]
	Ordinal0 [0x0035052F+1049903]
	Ordinal0 [0x0035B04B+1093707]
	Ordinal0 [0x0035B1B3+1094067]
	Ordinal0 [0x0035A145+1089861]
	BaseThreadInitThunk [0x75410419+25]
	RtlGetAppContainerNamedObjectPath [0x7720662D+237]
	RtlGetAppContainerNamedObjectPath [0x772065FD+189]

	at org.openqa.selenium.remote.W3CHandshakeResponse.lambda$new$0(W3CHandshakeResponse.java:57)
	at org.openqa.selenium.remote.W3CHandshakeResponse.lambda$getResponseFunction$2(W3CHandshakeResponse.java:104)
	at org.openqa.selenium.remote.ProtocolHandshake.lambda$createSession$0(ProtocolHandshake.java:123)
	at java.util.stream.ReferencePipeline$3$1.accept(ReferencePipeline.java:193)
	at java.util.Spliterators$ArraySpliterator.tryAdvance(Spliterators.java:958)
	at java.util.stream.ReferencePipeline.forEachWithCancel(ReferencePipeline.java:126)
	at java.util.stream.AbstractPipeline.copyIntoWithCancel(AbstractPipeline.java:499)
	at java.util.stream.AbstractPipeline.copyInto(AbstractPipeline.java:486)
	at java.util.stream.AbstractPipeline.wrapAndCopyInto(AbstractPipeline.java:472)
	at java.util.stream.FindOps$FindOp.evaluateSequential(FindOps.java:152)
	at java.util.stream.AbstractPipeline.evaluate(AbstractPipeline.java:234)
	at java.util.stream.ReferencePipeline.findFirst(ReferencePipeline.java:464)
	at org.openqa.selenium.remote.ProtocolHandshake.createSession(ProtocolHandshake.java:126)
	at org.openqa.selenium.remote.ProtocolHandshake.createSession(ProtocolHandshake.java:73)
	at org.openqa.selenium.remote.HttpCommandExecutor.execute(HttpCommandExecutor.java:136)
	at org.openqa.selenium.remote.service.DriverCommandExecutor.execute(DriverCommandExecutor.java:83)
	at org.openqa.selenium.remote.RemoteWebDriver.execute(RemoteWebDriver.java:545)
	at org.openqa.selenium.remote.RemoteWebDriver.startSession(RemoteWebDriver.java:209)
	at org.openqa.selenium.remote.RemoteWebDriver.<init>(RemoteWebDriver.java:132)
	at org.openqa.selenium.chrome.ChromeDriver.<init>(ChromeDriver.java:181)
	at org.openqa.selenium.chrome.ChromeDriver.<init>(ChromeDriver.java:168)
	at org.openqa.selenium.chrome.ChromeDriver.<init>(ChromeDriver.java:123)
	at resources.BaseClass.browserSelect(BaseClass.java:31)
	at demotest.BrowserTest.HomePage(BrowserTest.java:23)
... Removed 33 stack frames]]>
    </failure>
  </testcase> <!-- HomePage -->
</testsuite> <!-- Test -->
